<?xml version="1.0"?>
<testsuite name="Chrome 61.0.3163 (Windows 10 0.0.0)" package="" timestamp="2018-11-12T23:42:06" id="0" hostname="itsy-HP" tests="8" errors="0" failures="0">
  <properties>
    <property name="browser.fullName" value="Mozilla/5.0 (Windows NT 10.0; Win64; x64) AppleWebKit/537.36 (KHTML, like Gecko) Chrome/61.0.3163.100 Safari/537.36"/>
  </properties>
  <testcase name="Backend: Unit test to validate POST /login" status="success"/>
  <testcase name="Backend: Unit test to validate PUT /logout" status="success"/>
  <testcase name="Backend: Unit test to validate POST /register" status="success"/>
  <testcase name="Backend: Unit test to validate GET /headlines" status="success"/>
  <testcase name="Backend: Unit test to validate PUT /headline" status="success"/>
  <testcase name="Backend: Unit test to validate GET /articles" status="success"/>
  <testcase name="Backend: Unit test to validate GET /articles/id" status="success"/>
  <testcase name="Backend: Unit test to validate POST /article" status="success"/>
  <system-out>

  </system-out>
  <system-err/>
</testsuite>